<?xml version="1.0" encoding="UTF-8"?>
<!-- Generated by org.testng.reporters.JUnitReportReporter -->
<testsuite hostname="MOHAMMAD" failures="0" tests="4" name="Tools.MyData" time="0.075" errors="0" timestamp="2025-10-20T22:21:31 EET" skipped="0">
  <testcase classname="Tools.MyData" name="AddRecord" time="0.017"/>
  <testcase classname="Tools.MyData" name="UpdateRecord" time="0.004"/>
  <testcase classname="Tools.MyData" name="ReadData" time="0.044"/>
  <testcase classname="Tools.MyData" name="DeleteRecord" time="0.010"/>
</testsuite> <!-- Tools.MyData -->
