<?xml version="1.0" encoding="UTF-8"?>
<!-- Generated by org.testng.reporters.JUnitReportReporter -->
<testsuite hostname="MOHAMMAD" failures="0" tests="4" name="Tools.MyData" time="0.147" errors="0" timestamp="2025-10-30T21:01:58 EET" skipped="2">
  <testcase classname="Tools.MyData" name="UpdateRecord" time="0.053"/>
  <testcase classname="Tools.MyData" name="ReadData" time="0.094"/>
  <testcase classname="Tools.MyData" name="DeleteRecord">
    <skipped/>
  </testcase> <!-- DeleteRecord -->
  <testcase classname="Tools.MyData" name="AddRecord">
    <skipped/>
  </testcase> <!-- AddRecord -->
</testsuite> <!-- Tools.MyData -->
