<?xml version="1.0" encoding="UTF-8"?>
<!-- Generated by org.testng.reporters.JUnitReportReporter -->
<testsuite hostname="MOHAMMAD" failures="0" tests="8" name="Tools.TestScripts" time="37.061" errors="0" timestamp="2025-10-22T22:12:30 EET" skipped="2">
  <testcase classname="Tools.TestScripts" name="AddRecord" time="0.033"/>
  <testcase classname="Tools.TestScripts" name="UpdateRecord" time="0.013"/>
  <testcase classname="Tools.TestScripts" name="ReadData" time="0.101"/>
  <testcase classname="Tools.TestScripts" name="DeleteRecord" time="0.009"/>
  <testcase classname="Tools.TestScripts" name="LoginTestAfterChangePassword" time="5.952"/>
  <testcase classname="Tools.TestScripts" name="AddHandTools" time="30.953"/>
  <testcase classname="Tools.TestScripts" name="SignUpTest">
    <skipped/>
  </testcase> <!-- SignUpTest -->
  <testcase classname="Tools.TestScripts" name="setNewPassword">
    <skipped/>
  </testcase> <!-- setNewPassword -->
</testsuite> <!-- Tools.TestScripts -->
