<?xml version="1.0" encoding="UTF-8"?>
<!-- Generated by org.testng.reporters.JUnitReportReporter -->
<testsuite hostname="MOHAMMAD" failures="0" tests="10" name="Tools.TestScripts" time="167.909" errors="0" timestamp="2025-10-24T23:11:09 EET" skipped="3">
  <testcase classname="Tools.TestScripts" name="AddRecord" time="0.102"/>
  <testcase classname="Tools.TestScripts" name="UpdateRecord" time="0.026"/>
  <testcase classname="Tools.TestScripts" name="ReadData" time="0.251"/>
  <testcase classname="Tools.TestScripts" name="DeleteRecord" time="0.036"/>
  <testcase classname="Tools.TestScripts" name="LoginTest" time="3.833"/>
  <testcase classname="Tools.TestScripts" name="AddTools" time="158.218"/>
  <testcase classname="Tools.TestScripts" name="checkoutTest" time="5.443"/>
  <testcase classname="Tools.TestScripts" name="LoginTestAfterChangePassword">
    <skipped/>
  </testcase> <!-- LoginTestAfterChangePassword -->
  <testcase classname="Tools.TestScripts" name="setNewPassword">
    <skipped/>
  </testcase> <!-- setNewPassword -->
  <testcase classname="Tools.TestScripts" name="SignUpTest">
    <skipped/>
  </testcase> <!-- SignUpTest -->
</testsuite> <!-- Tools.TestScripts -->
