<?xml version="1.0" encoding="UTF-8"?>
<!-- Generated by org.testng.reporters.JUnitReportReporter -->
<testsuite hostname="MOHAMMAD" failures="0" tests="10" name="Tools.TestScripts" time="163.756" errors="0" timestamp="2025-10-24T23:04:23 EET" skipped="3">
  <testcase classname="Tools.TestScripts" name="AddRecord" time="0.108"/>
  <testcase classname="Tools.TestScripts" name="UpdateRecord" time="0.021"/>
  <testcase classname="Tools.TestScripts" name="ReadData" time="0.234"/>
  <testcase classname="Tools.TestScripts" name="DeleteRecord" time="0.030"/>
  <testcase classname="Tools.TestScripts" name="LoginTest" time="4.014"/>
  <testcase classname="Tools.TestScripts" name="AddTools" time="153.636"/>
  <testcase classname="Tools.TestScripts" name="checkoutTest" time="5.713"/>
  <testcase classname="Tools.TestScripts" name="LoginTestAfterChangePassword">
    <skipped/>
  </testcase> <!-- LoginTestAfterChangePassword -->
  <testcase classname="Tools.TestScripts" name="SignUpTest">
    <skipped/>
  </testcase> <!-- SignUpTest -->
  <testcase classname="Tools.TestScripts" name="setNewPassword">
    <skipped/>
  </testcase> <!-- setNewPassword -->
</testsuite> <!-- Tools.TestScripts -->
