<?xml version="1.0" encoding="UTF-8"?>
<!-- Generated by org.testng.reporters.JUnitReportReporter -->
<testsuite hostname="MOHAMMAD" failures="0" tests="6" name="Tools.TestScripts" time="9.727" errors="0" timestamp="2025-10-20T22:43:07 EET" skipped="0">
  <testcase classname="Tools.TestScripts" name="AddRecord" time="0.018"/>
  <testcase classname="Tools.TestScripts" name="UpdateRecord" time="0.004"/>
  <testcase classname="Tools.TestScripts" name="ReadData" time="0.037"/>
  <testcase classname="Tools.TestScripts" name="DeleteRecord" time="0.006"/>
  <testcase classname="Tools.TestScripts" name="SignUpTest" time="5.014"/>
  <testcase classname="Tools.TestScripts" name="LoginTest" time="4.648"/>
</testsuite> <!-- Tools.TestScripts -->
